m=20 k=25 n=576
count:
8----------16----------32----------64----------128----------256 
0.0224964----0.378067----5.38865----8.83173----12.5228----15.7588----

m=50 k=500 n=64
count:
8----------16----------32----------64----------128----------256 
8.33725----13.9653----21.1931----28.4641----34.5118----38.3408----

m=500 k=50 n=64
count:
8----------16----------32----------64----------128----------256 
7.66083----12.2333----16.6939----23.4837----28.4284----32.1263----

m=500 k=64 n=800
count:
8----------16----------32----------64----------128----------256 
33.7923----36.0672----38.2875----40.0823----41.0603----1.49158----

m=96 k=121 n=3025
count:
8----------16----------32----------64----------128----------256 
14.5112----40.2134----42.7156----43.7484----44.9113----45.2262----

m=48 k=121 n=3025
count:
8----------16----------32----------64----------128----------256 
30.2992----